<?xml version="1.0" encoding="UTF-8"?>
<!-- Generated by org.testng.reporters.JUnitReportReporter -->
<testsuite hostname="de-adn-25blm32" failures="0" tests="1" name="GeckoDriverTest" time="0.008" errors="0" timestamp="2020-11-16T12:31:22 MEZ" skipped="0">
  <testcase classname="GeckoDriverTest" name="testFirefox" time="0.008"/>
  <system-out/>
</testsuite> <!-- GeckoDriverTest -->
