<?xml version="1.0" encoding="UTF-8"?>
<!-- Generated by org.testng.reporters.JUnitReportReporter -->
<testsuite hostname="de-adn-25blm32" failures="0" tests="1" name="com.jwt.selenium.SeleniumIntegration" time="35.825" errors="0" timestamp="2021-01-13T12:38:04 MEZ" skipped="0">
  <testcase classname="com.jwt.selenium.SeleniumIntegration" name="newBook" time="35.825"/>
  <system-out/>
</testsuite> <!-- com.jwt.selenium.SeleniumIntegration -->
