<?xml version="1.0" encoding="UTF-8"?>
<!-- Generated by org.testng.reporters.JUnitReportReporter -->
<testsuite hostname="de-adn-25blm32" failures="0" tests="3" name="Seleniumtesting2" time="29.113" errors="0" timestamp="2020-11-23T09:56:57 MEZ" skipped="0">
  <testcase classname="Seleniumtesting2" name="textChangeName" time="9.941"/>
  <system-out/>
  <testcase classname="Seleniumtesting2" name="textChangePassword" time="9.578"/>
  <system-out/>
  <testcase classname="Seleniumtesting2" name="textChangeEmail" time="9.594"/>
  <system-out/>
</testsuite> <!-- Seleniumtesting2 -->
