<?xml version="1.0" encoding="UTF-8"?>
<!-- Generated by org.testng.reporters.JUnitReportReporter -->
<testsuite hostname="de-adn-25blm32" failures="0" tests="1" name="Seleniumtesting" time="34.776" errors="0" timestamp="2020-12-16T11:40:53 MEZ" skipped="0">
  <testcase classname="Seleniumtesting" name="newItem" time="34.776"/>
  <system-out/>
</testsuite> <!-- Seleniumtesting -->
